Unity Editor version:    2021.3.24f1 (cf10dcf7010d)
Branch:                  2021.3/staging
Build type:              Release
Batch mode:              YES
macOS version:           Version 13.4.1 (c) (Build 22F770820d)
Darwin version:          22.5.0
Architecture:            arm64
Running under Rosetta:   NO
Available memory:        16384 MB
Using pre-set license
Pro License: YES

COMMAND LINE ARGUMENTS:
/Applications/Unity/Hub/Editor/2021.3.24f1/Unity.app/Contents/MacOS/Unity
-adb2
-batchMode
-noUpm
-name
AssetImportWorker0
-projectPath
/Users/kimchanyoung/Desktop/C&R/C&R/CarGame_Project/CarGame_Project
-logFile
Logs/AssetImportWorker0.log
-srvPort
49814
Successfully changed project path to: /Users/kimchanyoung/Desktop/C&R/C&R/CarGame_Project/CarGame_Project
/Users/kimchanyoung/Desktop/C&R/C&R/CarGame_Project/CarGame_Project
[UnityMemory] Configuration Parameters - Can be set up in boot.config
    "memorysetup-bucket-allocator-granularity=16"
    "memorysetup-bucket-allocator-bucket-count=8"
    "memorysetup-bucket-allocator-block-size=33554432"
    "memorysetup-bucket-allocator-block-count=8"
    "memorysetup-main-allocator-block-size=16777216"
    "memorysetup-thread-allocator-block-size=16777216"
    "memorysetup-gfx-main-allocator-block-size=16777216"
    "memorysetup-gfx-thread-allocator-block-size=16777216"
    "memorysetup-cache-allocator-block-size=4194304"
    "memorysetup-typetree-allocator-block-size=2097152"
    "memorysetup-profiler-bucket-allocator-granularity=16"
    "memorysetup-profiler-bucket-allocator-bucket-count=8"
    "memorysetup-profiler-bucket-allocator-block-size=33554432"
    "memorysetup-profiler-bucket-allocator-block-count=8"
    "memorysetup-profiler-allocator-block-size=16777216"
    "memorysetup-profiler-editor-allocator-block-size=1048576"
    "memorysetup-temp-allocator-size-main=16777216"
    "memorysetup-job-temp-allocator-block-size=2097152"
    "memorysetup-job-temp-allocator-block-size-background=1048576"
    "memorysetup-job-temp-allocator-reduction-small-platforms=262144"
    "memorysetup-temp-allocator-size-background-worker=32768"
    "memorysetup-temp-allocator-size-job-worker=262144"
    "memorysetup-temp-allocator-size-preload-manager=33554432"
    "memorysetup-temp-allocator-size-nav-mesh-worker=65536"
    "memorysetup-temp-allocator-size-audio-worker=65536"
    "memorysetup-temp-allocator-size-cloud-worker=32768"
    "memorysetup-temp-allocator-size-gi-baking-worker=262144"
    "memorysetup-temp-allocator-size-gfx=262144"
Player connection [8190877184] Host "[IP] 10.50.246.42 [Port] 0 [Flags] 2 [Guid] 3457527952 [EditorId] 3457527952 [Version] 1048832 [Id] OSXEditor(0,gimchan-yeongs-MacBook-Air.local) [Debug] 1 [PackageName] OSXEditor [ProjectName] Editor" joined multi-casting on [225.0.0.222:54997]...

Player connection [8190877184] Host "[IP] 10.50.246.42 [Port] 0 [Flags] 2 [Guid] 3457527952 [EditorId] 3457527952 [Version] 1048832 [Id] OSXEditor(0,gimchan-yeongs-MacBook-Air.local) [Debug] 1 [PackageName] OSXEditor [ProjectName] Editor" joined alternative multi-casting on [225.0.0.222:34997]...

Refreshing native plugins compatible for Editor in 55.55 ms, found 2 plugins.
Preloading 0 native plugins for Editor in 0.00 ms.
Initialize engine version: 2021.3.24f1 (cf10dcf7010d)
[Subsystems] Discovering subsystems at path /Applications/Unity/Hub/Editor/2021.3.24f1/Unity.app/Contents/Resources/UnitySubsystems
[Subsystems] Discovering subsystems at path /Users/kimchanyoung/Desktop/C&R/C&R/CarGame_Project/CarGame_Project/Assets
GfxDevice: creating device client; threaded=0; jobified=0
 preferred device: Apple M2 (high power)
Metal devices available: 1
0: Apple M2 (high power)
Using device Apple M2 (high power)
Initializing Metal device caps: Apple M2
Initialize mono
Mono path[0] = '/Applications/Unity/Hub/Editor/2021.3.24f1/Unity.app/Contents/Managed'
Mono path[1] = '/Applications/Unity/Hub/Editor/2021.3.24f1/Unity.app/Contents/MonoBleedingEdge/lib/mono/unityjit-macos'
Mono config path = '/Applications/Unity/Hub/Editor/2021.3.24f1/Unity.app/Contents/MonoBleedingEdge/etc'
Using monoOptions --debugger-agent=transport=dt_socket,embedding=1,server=y,suspend=n,address=127.0.0.1:56736
Begin MonoManager ReloadAssembly
Registering precompiled unity dll's ...
Register platform support module: /Applications/Unity/Hub/Editor/2021.3.24f1/Unity.app/Contents/PlaybackEngines/MacStandaloneSupport/UnityEditor.OSXStandalone.Extensions.dll
Registered in 0.000964 seconds.
Native extension for OSXStandalone target not found
Refreshing native plugins compatible for Editor in 57.55 ms, found 2 plugins.
Preloading 0 native plugins for Editor in 0.00 ms.
Mono: successfully reloaded assembly
- Completed reload, in  0.362 seconds
Domain Reload Profiling:
	ReloadAssembly (362ms)
		BeginReloadAssembly (61ms)
			ExecutionOrderSort (0ms)
			DisableScriptedObjects (0ms)
			BackupInstance (0ms)
			ReleaseScriptingObjects (0ms)
			CreateAndSetChildDomain (0ms)
		EndReloadAssembly (250ms)
			LoadAssemblies (61ms)
			RebuildTransferFunctionScriptingTraits (0ms)
			SetupTypeCache (60ms)
			ReleaseScriptCaches (0ms)
			RebuildScriptCaches (17ms)
			SetupLoadedEditorAssemblies (150ms)
				LogAssemblyErrors (0ms)
				InitializePlatformSupportModulesInManaged (3ms)
				SetLoadedEditorAssemblies (0ms)
				RefreshPlugins (58ms)
				BeforeProcessingInitializeOnLoad (1ms)
				ProcessInitializeOnLoadAttributes (67ms)
				ProcessInitializeOnLoadMethodAttributes (21ms)
				AfterProcessingInitializeOnLoad (0ms)
				EditorAssembliesLoaded (0ms)
			ExecutionOrderSort2 (0ms)
			AwakeInstancesAfterBackupRestoration (0ms)
Platform modules already initialized, skipping
Registering precompiled user dll's ...
Registered in 0.003870 seconds.
Begin MonoManager ReloadAssembly
Symbol file LoadedFromMemory doesn't match image /Users/kimchanyoung/Desktop/C&R/C&R/CarGame_Project/CarGame_Project/Library/PackageCache/com.unity.visualscripting@1.8.0/Editor/VisualScripting.Core/Dependencies/YamlDotNet/Unity.VisualScripting.YamlDotNet.dll
Symbol file LoadedFromMemory doesn't match image /Users/kimchanyoung/Desktop/C&R/C&R/CarGame_Project/CarGame_Project/Library/PackageCache/com.unity.visualscripting@1.8.0/Editor/VisualScripting.Core/Dependencies/DotNetZip/Unity.VisualScripting.IonicZip.dll
Native extension for OSXStandalone target not found
Refreshing native plugins compatible for Editor in 0.39 ms, found 2 plugins.
Preloading 0 native plugins for Editor in 0.00 ms.
Mono: successfully reloaded assembly
- Completed reload, in  0.526 seconds
Domain Reload Profiling:
	ReloadAssembly (526ms)
		BeginReloadAssembly (57ms)
			ExecutionOrderSort (0ms)
			DisableScriptedObjects (3ms)
			BackupInstance (0ms)
			ReleaseScriptingObjects (0ms)
			CreateAndSetChildDomain (14ms)
		EndReloadAssembly (412ms)
			LoadAssemblies (48ms)
			RebuildTransferFunctionScriptingTraits (0ms)
			SetupTypeCache (149ms)
			ReleaseScriptCaches (0ms)
			RebuildScriptCaches (29ms)
			SetupLoadedEditorAssemblies (170ms)
				LogAssemblyErrors (0ms)
				InitializePlatformSupportModulesInManaged (2ms)
				SetLoadedEditorAssemblies (0ms)
				RefreshPlugins (0ms)
				BeforeProcessingInitializeOnLoad (43ms)
				ProcessInitializeOnLoadAttributes (113ms)
				ProcessInitializeOnLoadMethodAttributes (10ms)
				AfterProcessingInitializeOnLoad (1ms)
				EditorAssembliesLoaded (0ms)
			ExecutionOrderSort2 (0ms)
			AwakeInstancesAfterBackupRestoration (2ms)
Platform modules already initialized, skipping
========================================================================
Worker process is ready to serve import requests
Launching external process: /Applications/Unity/Hub/Editor/2021.3.24f1/Unity.app/Contents/Tools/UnityShaderCompiler
Launched and connected shader compiler UnityShaderCompiler after 0.05 seconds
Refreshing native plugins compatible for Editor in 0.37 ms, found 2 plugins.
Preloading 0 native plugins for Editor in 0.00 ms.
Unloading 3047 Unused Serialized files (Serialized files now loaded: 0)
Unloading 24 unused Assets / (340.8 KB). Loaded Objects now: 3507.
Memory consumption went from 102.2 MB to 101.9 MB.
Total: 2.035708 ms (FindLiveObjects: 0.127041 ms CreateObjectMapping: 0.048167 ms MarkObjects: 1.813250 ms  DeleteObjects: 0.046833 ms)

AssetImportParameters requested are different than current active one (requested -> active):
  custom:video-decoder-ogg-theora: a1e56fd34408186e4bbccfd4996cb3dc -> 
  custom:container-muxer-webm: aa71ff27fc2769a1b78a27578f13a17b -> 
  custom:container-demuxer-webm: 4f35f7cbe854078d1ac9338744f61a02 -> 
  custom:video-encoder-webm-vp8: eb34c28f22e8b96e1ab97ce403110664 -> 
  custom:framework-osx-AVFoundation: e770b220cccbd017edd2c1fefb359320 -> 
  custom:audio-encoder-webm-vorbis: bf7c407c2cedff20999df2af8eb42d56 -> 
  custom:container-demuxer-ogg: 62fdf1f143b41e24485cea50d1cbac27 -> 
  custom:video-decoder-webm-vp8: 9c59270c3fd7afecdb556c50c9e8de78 -> 
  custom:audio-decoder-ogg-vorbis: bf7c407c2cedff20999df2af8eb42d56 -> 
========================================================================
Received Import Request.
  Time since last request: 5644.258485 seconds.
  path: Assets/POLYGON city pack/Prefabs
  artifactKey: Guid(55c50c4d813fe7140a42d24d27cfa7fc) Importer(815301076,1909f56bfc062723c751e8b465ee728b)
Start importing Assets/POLYGON city pack/Prefabs using Guid(55c50c4d813fe7140a42d24d27cfa7fc) Importer(815301076,1909f56bfc062723c751e8b465ee728b)  -> (artifact id: 'bce6d0b1b189f32454d15f87365b890c') in 0.003460 seconds 
========================================================================
Received Import Request.
  Time since last request: 1.414297 seconds.
  path: Assets/POLYGON city pack/Prefabs/Floor
  artifactKey: Guid(b07468226e8b0b94083cbeafff0ebf31) Importer(815301076,1909f56bfc062723c751e8b465ee728b)
Start importing Assets/POLYGON city pack/Prefabs/Floor using Guid(b07468226e8b0b94083cbeafff0ebf31) Importer(815301076,1909f56bfc062723c751e8b465ee728b)  -> (artifact id: 'db0dfa1cfb9b32a13ca6a99e46923914') in 0.002573 seconds 
========================================================================
Received Import Request.
  Time since last request: 0.085485 seconds.
  path: Assets/POLYGON city pack/Prefabs/Floor/Grass_stone_1_prefab.prefab
  artifactKey: Guid(9fcf49ff9014a7a4b89dcd79c5ac3e71) Importer(815301076,1909f56bfc062723c751e8b465ee728b)
Start importing Assets/POLYGON city pack/Prefabs/Floor/Grass_stone_1_prefab.prefab using Guid(9fcf49ff9014a7a4b89dcd79c5ac3e71) Importer(815301076,1909f56bfc062723c751e8b465ee728b)  -> (artifact id: '24df74258526c09d34ab6bc17b8144d2') in 0.639337 seconds 
========================================================================
Received Import Request.
  Time since last request: 0.000029 seconds.
  path: Assets/POLYGON city pack/Prefabs/Floor/Sideway 6 prefab.prefab
  artifactKey: Guid(493d8fb14af461f45a7d50aaa60a7a37) Importer(815301076,1909f56bfc062723c751e8b465ee728b)
Start importing Assets/POLYGON city pack/Prefabs/Floor/Sideway 6 prefab.prefab using Guid(493d8fb14af461f45a7d50aaa60a7a37) Importer(815301076,1909f56bfc062723c751e8b465ee728b)  -> (artifact id: '6a271d55d9e99e30e9590bfe4806a21c') in 0.005489 seconds 
========================================================================
Received Import Request.
  Time since last request: 0.000026 seconds.
  path: Assets/POLYGON city pack/Prefabs/Floor/Sideway 4 prefab.prefab
  artifactKey: Guid(f24cfa7ea7c5c764dad9dddadf04cde2) Importer(815301076,1909f56bfc062723c751e8b465ee728b)
Start importing Assets/POLYGON city pack/Prefabs/Floor/Sideway 4 prefab.prefab using Guid(f24cfa7ea7c5c764dad9dddadf04cde2) Importer(815301076,1909f56bfc062723c751e8b465ee728b)  -> (artifact id: '9821cb1e8233e868d59215cea8a94f06') in 0.004340 seconds 
========================================================================
Received Import Request.
  Time since last request: 0.000063 seconds.
  path: Assets/POLYGON city pack/Prefabs/Floor/Sideway 2 prefab.prefab
  artifactKey: Guid(9cb5b35ecfd548b4d87e1c513764ef5b) Importer(815301076,1909f56bfc062723c751e8b465ee728b)
Start importing Assets/POLYGON city pack/Prefabs/Floor/Sideway 2 prefab.prefab using Guid(9cb5b35ecfd548b4d87e1c513764ef5b) Importer(815301076,1909f56bfc062723c751e8b465ee728b)  -> (artifact id: 'fdd86352d8663b5cd66ae3faa066931e') in 0.003744 seconds 
========================================================================
Received Import Request.
  Time since last request: 0.000031 seconds.
  path: Assets/POLYGON city pack/Prefabs/Floor/Sideway 5 prefab.prefab
  artifactKey: Guid(a9da80f587bbf9046aefc4a4cfb8a7fc) Importer(815301076,1909f56bfc062723c751e8b465ee728b)
Start importing Assets/POLYGON city pack/Prefabs/Floor/Sideway 5 prefab.prefab using Guid(a9da80f587bbf9046aefc4a4cfb8a7fc) Importer(815301076,1909f56bfc062723c751e8b465ee728b)  -> (artifact id: '9f49e21bb9176dd7a14679ef528a187b') in 0.003324 seconds 
